#! /c/Source/iverilog-install/bin/vvp
:ivl_version "12.0 (devel)" "(s20150603-1539-g2693dd32b)";
:ivl_delay_selection "TYPICAL";
:vpi_time_precision - 12;
:vpi_module "C:\iverilog\lib\ivl\system.vpi";
:vpi_module "C:\iverilog\lib\ivl\vhdl_sys.vpi";
:vpi_module "C:\iverilog\lib\ivl\vhdl_textio.vpi";
:vpi_module "C:\iverilog\lib\ivl\v2005_math.vpi";
:vpi_module "C:\iverilog\lib\ivl\va_math.vpi";
S_0000019633e9d140 .scope module, "tb" "tb" 2 3;
 .timescale -9 -12;
v0000019633f15de0_0 .net "RsRx", 0 0, v0000019633e83ad0_0;  1 drivers
v0000019633f15660_0 .net "RsTx", 0 0, L_0000019633e8c860;  1 drivers
v0000019633f16240_0 .var "btnR", 0 0;
v0000019633f15700_0 .var "btnS", 0 0;
v0000019633f15c00_0 .var "clk", 0 0;
v0000019633f162e0_0 .var/i "i", 31 0;
v0000019633f15fc0 .array "instFile", 0 1023, 7 0;
v0000019633f169c0_0 .net "led", 7 0, L_0000019633e8c9b0;  1 drivers
v0000019633f16420_0 .var "sw", 7 0;
E_0000019633e8f390 .event anyedge, v0000019633f15ac0_0;
S_0000019633e9d2d0 .scope begin, "loop" "loop" 2 52, 2 52 0, S_0000019633e9d140;
 .timescale -9 -12;
S_0000019633e9d960 .scope module, "model_uart0_" "model_uart" 2 66, 3 3 0, S_0000019633e9d140;
 .timescale -9 -12;
    .port_info 0 /OUTPUT 1 "TX";
    .port_info 1 /INPUT 1 "RX";
P_0000019633e6dfd0 .param/l "baud" 0 3 13, +C4<00000000000011110100001001000000>;
P_0000019633e6e008 .param/l "bittime" 0 3 14, +C4<00000000000000000000001111101000>;
P_0000019633e6e040 .param/str "name" 0 3 15, "UART0";
v0000019633e83170_0 .net "RX", 0 0, L_0000019633e8c860;  alias, 1 drivers
v0000019633e83ad0_0 .var "TX", 0 0;
v0000019633e84430_0 .var "rxData", 7 0;
v0000019633e844d0_0 .var "rxLine", 31 0;
E_0000019633e8f110 .event negedge, v0000019633e83170_0;
E_0000019633e8f190 .event "evTxByte";
E_0000019633e8fad0 .event "evTxBit";
E_0000019633e8f590 .event "evByte";
E_0000019633e8f790 .event "evBit";
S_0000019633e9daf0 .scope task, "tskRxData" "tskRxData" 3 52, 3 52 0, S_0000019633e9d960;
 .timescale -9 -12;
v0000019633e83030_0 .var "data", 7 0;
TD_tb.model_uart0_.tskRxData ;
    %wait E_0000019633e8f590;
    %load/vec4 v0000019633e84430_0;
    %store/vec4 v0000019633e83030_0, 0, 8;
    %end;
S_0000019633e2a290 .scope task, "tskTxData" "tskTxData" 3 60, 3 60 0, S_0000019633e9d960;
 .timescale -9 -12;
v0000019633e838f0_0 .var "data", 7 0;
v0000019633e83210_0 .var/i "i", 31 0;
v0000019633e835d0_0 .var "tmp", 9 0;
TD_tb.model_uart0_.tskTxData ;
    %pushi/vec4 1, 0, 1;
    %load/vec4 v0000019633e838f0_0;
    %concat/vec4; draw_concat_vec4
    %concati/vec4 0, 0, 1;
    %store/vec4 v0000019633e835d0_0, 0, 10;
    %pushi/vec4 0, 0, 32;
    %store/vec4 v0000019633e83210_0, 0, 32;
T_1.0 ;
    %load/vec4 v0000019633e83210_0;
    %cmpi/s 10, 0, 32;
    %jmp/0xz T_1.1, 5;
    %load/vec4 v0000019633e835d0_0;
    %load/vec4 v0000019633e83210_0;
    %part/s 1;
    %store/vec4 v0000019633e83ad0_0, 0, 1;
    %delay 1000000, 0;
    %event E_0000019633e8fad0;
    %load/vec4 v0000019633e83210_0;
    %addi 1, 0, 32;
    %store/vec4 v0000019633e83210_0, 0, 32;
    %jmp T_1.0;
T_1.1 ;
    %event E_0000019633e8f190;
    %end;
S_0000019633e2a420 .scope task, "tskRunADD" "tskRunADD" 2 116, 2 116 0, S_0000019633e9d140;
 .timescale -9 -12;
v0000019633e84610_0 .var "inst", 7 0;
v0000019633e832b0_0 .var "ra", 1 0;
v0000019633e83850_0 .var "rb", 1 0;
v0000019633e84250_0 .var "rc", 1 0;
TD_tb.tskRunADD ;
    %pushi/vec4 1, 0, 2;
    %load/vec4 v0000019633e832b0_0;
    %concat/vec4; draw_concat_vec4
    %load/vec4 v0000019633e83850_0;
    %concat/vec4; draw_concat_vec4
    %load/vec4 v0000019633e84250_0;
    %concat/vec4; draw_concat_vec4
    %store/vec4 v0000019633e84610_0, 0, 8;
    %load/vec4 v0000019633e84610_0;
    %store/vec4 v0000019633e83a30_0, 0, 8;
    %fork TD_tb.tskRunInst, S_0000019633e13df0;
    %join;
    %end;
S_0000019633e13df0 .scope task, "tskRunInst" "tskRunInst" 2 87, 2 87 0, S_0000019633e9d140;
 .timescale -9 -12;
v0000019633e83a30_0 .var "inst", 7 0;
TD_tb.tskRunInst ;
    %vpi_call 2 90 "$display", "%d ... Running instruction %08b", $stime, v0000019633e83a30_0 {0 0 0};
    %load/vec4 v0000019633e83a30_0;
    %store/vec4 v0000019633f16420_0, 0, 8;
    %delay 1500000000, 0;
    %pushi/vec4 1, 0, 1;
    %store/vec4 v0000019633f15700_0, 0, 1;
    %delay 3000000000, 0;
    %pushi/vec4 0, 0, 1;
    %store/vec4 v0000019633f15700_0, 0, 1;
    %end;
S_0000019633e13f80 .scope task, "tskRunMULT" "tskRunMULT" 2 127, 2 127 0, S_0000019633e9d140;
 .timescale -9 -12;
v0000019633e846b0_0 .var "inst", 7 0;
v0000019633e83350_0 .var "ra", 1 0;
v0000019633e83b70_0 .var "rb", 1 0;
v0000019633e83c10_0 .var "rc", 1 0;
TD_tb.tskRunMULT ;
    %pushi/vec4 2, 0, 2;
    %load/vec4 v0000019633e83350_0;
    %concat/vec4; draw_concat_vec4
    %load/vec4 v0000019633e83b70_0;
    %concat/vec4; draw_concat_vec4
    %load/vec4 v0000019633e83c10_0;
    %concat/vec4; draw_concat_vec4
    %store/vec4 v0000019633e846b0_0, 0, 8;
    %load/vec4 v0000019633e846b0_0;
    %store/vec4 v0000019633e83a30_0, 0, 8;
    %fork TD_tb.tskRunInst, S_0000019633e13df0;
    %join;
    %end;
S_0000019633e49a80 .scope task, "tskRunPUSH" "tskRunPUSH" 2 97, 2 97 0, S_0000019633e9d140;
 .timescale -9 -12;
v0000019633e83cb0_0 .var "immd", 3 0;
v0000019633e84750_0 .var "inst", 7 0;
v0000019633e83df0_0 .var "ra", 1 0;
TD_tb.tskRunPUSH ;
    %pushi/vec4 0, 0, 2;
    %load/vec4 v0000019633e83df0_0;
    %concat/vec4; draw_concat_vec4
    %load/vec4 v0000019633e83cb0_0;
    %concat/vec4; draw_concat_vec4
    %store/vec4 v0000019633e84750_0, 0, 8;
    %load/vec4 v0000019633e84750_0;
    %store/vec4 v0000019633e83a30_0, 0, 8;
    %fork TD_tb.tskRunInst, S_0000019633e13df0;
    %join;
    %end;
S_0000019633e49c10 .scope task, "tskRunSEND" "tskRunSEND" 2 107, 2 107 0, S_0000019633e9d140;
 .timescale -9 -12;
v0000019633e84d90_0 .var "inst", 7 0;
v0000019633e84930_0 .var "ra", 1 0;
TD_tb.tskRunSEND ;
    %pushi/vec4 3, 0, 2;
    %load/vec4 v0000019633e84930_0;
    %concat/vec4; draw_concat_vec4
    %concati/vec4 0, 0, 4;
    %store/vec4 v0000019633e84d90_0, 0, 8;
    %load/vec4 v0000019633e84d90_0;
    %store/vec4 v0000019633e83a30_0, 0, 8;
    %fork TD_tb.tskRunInst, S_0000019633e13df0;
    %join;
    %end;
S_0000019633e0e950 .scope module, "uut_" "basys3" 2 76, 4 1 0, S_0000019633e9d140;
 .timescale 0 0;
    .port_info 0 /OUTPUT 1 "RsTx";
    .port_info 1 /OUTPUT 8 "led";
    .port_info 2 /INPUT 1 "RsRx";
    .port_info 3 /INPUT 8 "sw";
    .port_info 4 /INPUT 1 "btnS";
    .port_info 5 /INPUT 1 "btnR";
    .port_info 6 /INPUT 1 "clk";
P_0000019633e0eae0 .param/l "alu_width" 0 5 14, +C4<00000000000000000000000000010000>;
P_0000019633e0eb18 .param/l "seq_dp_width" 0 5 12, +C4<00000000000000000000000000010000>;
P_0000019633e0eb50 .param/l "seq_im_width" 0 5 5, +C4<00000000000000000000000000000100>;
P_0000019633e0eb88 .param/l "seq_in_width" 0 5 1, +C4<00000000000000000000000000001000>;
P_0000019633e0ebc0 .param/l "seq_num_regs" 0 5 4, +C4<00000000000000000000000000000100>;
P_0000019633e0ebf8 .param/l "seq_op_add" 0 5 8, C4<01>;
P_0000019633e0ec30 .param/l "seq_op_mult" 0 5 9, C4<10>;
P_0000019633e0ec68 .param/l "seq_op_push" 0 5 7, C4<00>;
P_0000019633e0eca0 .param/l "seq_op_send" 0 5 10, C4<11>;
P_0000019633e0ecd8 .param/l "seq_op_width" 0 5 2, +C4<00000000000000000000000000000010>;
P_0000019633e0ed10 .param/l "seq_rf_width" 0 5 13, +C4<00000000000000000000000000010000>;
P_0000019633e0ed48 .param/l "seq_rn_width" 0 5 3, +C4<00000000000000000000000000000010>;
P_0000019633e0ed80 .param/l "uart_num_nib" 0 5 15, +C4<00000000000000000000000000000100>;
L_0000019633e8c630 .functor BUFZ 1, v0000019633f16240_0, C4<0>, C4<0>, C4<0>;
L_0000019633e8c9b0 .functor BUFZ 8, v0000019633f15840_0, C4<00000000>, C4<00000000>, C4<00000000>;
v0000019633f15d40_0 .net "RsRx", 0 0, v0000019633e83ad0_0;  alias, 1 drivers
v0000019633f16600_0 .net "RsTx", 0 0, L_0000019633e8c860;  alias, 1 drivers
v0000019633f15b60_0 .net *"_ivl_4", 17 0, L_0000019633f164c0;  1 drivers
L_0000019633f19098 .functor BUFT 1, C4<0>, C4<0>, C4<0>, C4<0>;
v0000019633f16380_0 .net *"_ivl_7", 0 0, L_0000019633f19098;  1 drivers
L_0000019633f190e0 .functor BUFT 1, C4<000000000000000001>, C4<0>, C4<0>, C4<0>;
v0000019633f16ec0_0 .net/2u *"_ivl_8", 17 0, L_0000019633f190e0;  1 drivers
v0000019633f16d80_0 .var "arst_ff", 1 0;
v0000019633f16560_0 .net "arst_i", 0 0, L_0000019633e8c630;  1 drivers
v0000019633f161a0_0 .net "btnR", 0 0, v0000019633f16240_0;  1 drivers
v0000019633f16740_0 .net "btnS", 0 0, v0000019633f15700_0;  1 drivers
v0000019633f15340_0 .net "clk", 0 0, v0000019633f15c00_0;  1 drivers
v0000019633f153e0_0 .var "clk_dv", 16 0;
v0000019633f15200_0 .net "clk_dv_inc", 17 0, L_0000019633f15ca0;  1 drivers
v0000019633f16e20_0 .var "clk_en", 0 0;
v0000019633f15520_0 .var "clk_en_d", 0 0;
v0000019633f15840_0 .var "inst_cnt", 7 0;
v0000019633f16f60_0 .var "inst_vld", 0 0;
v0000019633f16ce0_0 .var "inst_wd", 7 0;
v0000019633f15ac0_0 .net "led", 7 0, L_0000019633e8c9b0;  alias, 1 drivers
v0000019633f150c0_0 .net "rst", 0 0, L_0000019633f15980;  1 drivers
v0000019633f16a60_0 .net "seq_tx_data", 15 0, L_0000019633e8ce10;  1 drivers
v0000019633f166a0_0 .net "seq_tx_valid", 0 0, L_0000019633e8c710;  1 drivers
v0000019633f167e0_0 .var "step_d", 2 0;
v0000019633f152a0_0 .net "sw", 7 0, v0000019633f16420_0;  1 drivers
v0000019633f15f20_0 .net "uart_rx_data", 7 0, L_0000019633e8c7f0;  1 drivers
v0000019633f16880_0 .net "uart_rx_valid", 0 0, L_0000019633f74e70;  1 drivers
v0000019633f158e0_0 .net "uart_tx_busy", 0 0, L_0000019633f74650;  1 drivers
E_0000019633e8f9d0 .event posedge, v0000019633f16560_0, v0000019633e83f30_0;
L_0000019633f15980 .part v0000019633f16d80_0, 0, 1;
L_0000019633f164c0 .concat [ 17 1 0 0], v0000019633f153e0_0, L_0000019633f19098;
L_0000019633f15ca0 .arith/sum 18, L_0000019633f164c0, L_0000019633f190e0;
S_0000019633e08890 .scope module, "seq_" "seq" 4 114, 6 1 0, S_0000019633e0e950;
 .timescale 0 0;
    .port_info 0 /OUTPUT 16 "o_tx_data";
    .port_info 1 /OUTPUT 1 "o_tx_valid";
    .port_info 2 /INPUT 1 "i_tx_busy";
    .port_info 3 /INPUT 8 "i_inst";
    .port_info 4 /INPUT 1 "i_inst_valid";
    .port_info 5 /INPUT 1 "clk";
    .port_info 6 /INPUT 1 "rst";
P_0000019633e08a20 .param/l "alu_width" 0 5 14, +C4<00000000000000000000000000010000>;
P_0000019633e08a58 .param/l "seq_dp_width" 0 5 12, +C4<00000000000000000000000000010000>;
P_0000019633e08a90 .param/l "seq_im_width" 0 5 5, +C4<00000000000000000000000000000100>;
P_0000019633e08ac8 .param/l "seq_in_width" 0 5 1, +C4<00000000000000000000000000001000>;
P_0000019633e08b00 .param/l "seq_num_regs" 0 5 4, +C4<00000000000000000000000000000100>;
P_0000019633e08b38 .param/l "seq_op_add" 0 5 8, C4<01>;
P_0000019633e08b70 .param/l "seq_op_mult" 0 5 9, C4<10>;
P_0000019633e08ba8 .param/l "seq_op_push" 0 5 7, C4<00>;
P_0000019633e08be0 .param/l "seq_op_send" 0 5 10, C4<11>;
P_0000019633e08c18 .param/l "seq_op_width" 0 5 2, +C4<00000000000000000000000000000010>;
P_0000019633e08c50 .param/l "seq_rf_width" 0 5 13, +C4<00000000000000000000000000010000>;
P_0000019633e08c88 .param/l "seq_rn_width" 0 5 3, +C4<00000000000000000000000000000010>;
P_0000019633e08cc0 .param/l "uart_num_nib" 0 5 15, +C4<00000000000000000000000000000100>;
L_0000019633e8ca20 .functor BUFZ 1, v0000019633efde60_0, C4<0>, C4<0>, C4<0>;
L_0000019633e8cbe0 .functor OR 1, L_0000019633f15e80, L_0000019633f16060, C4<0>, C4<0>;
L_0000019633e8cd30 .functor OR 1, L_0000019633e8cbe0, L_0000019633f74dd0, C4<0>, C4<0>;
L_0000019633e8c320 .functor AND 1, v0000019633f16f60_0, L_0000019633e8cd30, C4<1>, C4<1>;
L_0000019633e8ce10 .functor BUFZ 16, L_0000019633e8c240, C4<0000000000000000>, C4<0000000000000000>, C4<0000000000000000>;
L_0000019633e8c390 .functor AND 1, v0000019633f16f60_0, L_0000019633f73f70, C4<1>, C4<1>;
L_0000019633e8c400 .functor NOT 1, L_0000019633f74650, C4<0>, C4<0>, C4<0>;
L_0000019633e8c710 .functor AND 1, L_0000019633e8c390, L_0000019633e8c400, C4<1>, C4<1>;
L_0000019633f19128 .functor BUFT 1, C4<00>, C4<0>, C4<0>, C4<0>;
v0000019633efca60_0 .net/2u *"_ivl_10", 1 0, L_0000019633f19128;  1 drivers
L_0000019633f19170 .functor BUFT 1, C4<01>, C4<0>, C4<0>, C4<0>;
v0000019633efcc40_0 .net/2u *"_ivl_14", 1 0, L_0000019633f19170;  1 drivers
L_0000019633f191b8 .functor BUFT 1, C4<10>, C4<0>, C4<0>, C4<0>;
v0000019633efce20_0 .net/2u *"_ivl_18", 1 0, L_0000019633f191b8;  1 drivers
L_0000019633f19200 .functor BUFT 1, C4<11>, C4<0>, C4<0>, C4<0>;
v0000019633efdaa0_0 .net/2u *"_ivl_22", 1 0, L_0000019633f19200;  1 drivers
v0000019633efdc80_0 .net *"_ivl_30", 0 0, L_0000019633e8cbe0;  1 drivers
v0000019633efc2e0_0 .net *"_ivl_32", 0 0, L_0000019633e8cd30;  1 drivers
v0000019633efc380_0 .net *"_ivl_38", 0 0, L_0000019633e8c390;  1 drivers
v0000019633efd000_0 .net *"_ivl_40", 0 0, L_0000019633e8c400;  1 drivers
v0000019633efd0a0_0 .net "alu_data", 15 0, v0000019633efc060_0;  1 drivers
v0000019633efdd20_0 .net "alu_valid", 0 0, v0000019633efde60_0;  1 drivers
v0000019633efd1e0_0 .net "alu_valid_in", 0 0, L_0000019633e8c320;  1 drivers
v0000019633effa10_0 .net "clk", 0 0, v0000019633f15c00_0;  alias, 1 drivers
v0000019633eff8d0_0 .net "i_inst", 7 0, v0000019633f16ce0_0;  1 drivers
v0000019633eff970_0 .net "i_inst_valid", 0 0, v0000019633f16f60_0;  1 drivers
v0000019633efe930_0 .net "i_tx_busy", 0 0, L_0000019633f74650;  alias, 1 drivers
v0000019633eff010_0 .net "inst_const", 3 0, L_0000019633f16920;  1 drivers
v0000019633eff1f0_0 .net "inst_op", 1 0, L_0000019633f16b00;  1 drivers
v0000019633efeb10_0 .net "inst_op_add", 0 0, L_0000019633f16060;  1 drivers
v0000019633efe2f0_0 .net "inst_op_mult", 0 0, L_0000019633f74dd0;  1 drivers
v0000019633eff290_0 .net "inst_op_push", 0 0, L_0000019633f15e80;  1 drivers
v0000019633effb50_0 .net "inst_op_send", 0 0, L_0000019633f73f70;  1 drivers
v0000019633eff330_0 .net "inst_ra", 1 0, L_0000019633f16c40;  1 drivers
v0000019633efe070_0 .net "inst_rb", 1 0, L_0000019633f16ba0;  1 drivers
v0000019633eff5b0_0 .net "inst_rc", 1 0, L_0000019633f15a20;  1 drivers
v0000019633eff150_0 .net "o_tx_data", 15 0, L_0000019633e8ce10;  alias, 1 drivers
v0000019633efe4d0_0 .net "o_tx_valid", 0 0, L_0000019633e8c710;  alias, 1 drivers
v0000019633eff6f0_0 .net "rf_data_a", 15 0, L_0000019633e8c240;  1 drivers
v0000019633effab0_0 .net "rf_data_b", 15 0, L_0000019633e8c2b0;  1 drivers
v0000019633efe570_0 .net "rf_wsel", 1 0, L_0000019633f732f0;  1 drivers
v0000019633efe610_0 .net "rf_wstb", 0 0, L_0000019633e8ca20;  1 drivers
v0000019633eff0b0_0 .net "rst", 0 0, L_0000019633f15980;  alias, 1 drivers
L_0000019633f16920 .part v0000019633f16ce0_0, 0, 4;
L_0000019633f16b00 .part v0000019633f16ce0_0, 6, 2;
L_0000019633f15a20 .part v0000019633f16ce0_0, 0, 2;
L_0000019633f16ba0 .part v0000019633f16ce0_0, 2, 2;
L_0000019633f16c40 .part v0000019633f16ce0_0, 4, 2;
L_0000019633f15e80 .cmp/eq 2, L_0000019633f16b00, L_0000019633f19128;
L_0000019633f16060 .cmp/eq 2, L_0000019633f16b00, L_0000019633f19170;
L_0000019633f74dd0 .cmp/eq 2, L_0000019633f16b00, L_0000019633f191b8;
L_0000019633f73f70 .cmp/eq 2, L_0000019633f16b00, L_0000019633f19200;
L_0000019633f732f0 .functor MUXZ 2, L_0000019633f15a20, L_0000019633f16c40, L_0000019633f15e80, C4<>;
S_0000019633e02fa0 .scope module, "alu_" "seq_alu" 6 88, 7 1 0, S_0000019633e08890;
 .timescale 0 0;
    .port_info 0 /OUTPUT 16 "o_data";
    .port_info 1 /OUTPUT 1 "o_valid";
    .port_info 2 /INPUT 16 "i_data_a";
    .port_info 3 /INPUT 16 "i_data_b";
    .port_info 4 /INPUT 2 "i_op";
    .port_info 5 /INPUT 4 "i_const";
    .port_info 6 /INPUT 1 "i_valid";
    .port_info 7 /INPUT 1 "clk";
    .port_info 8 /INPUT 1 "rst";
P_0000019633e03130 .param/l "alu_width" 0 5 14, +C4<00000000000000000000000000010000>;
P_0000019633e03168 .param/l "seq_dp_width" 0 5 12, +C4<00000000000000000000000000010000>;
P_0000019633e031a0 .param/l "seq_im_width" 0 5 5, +C4<00000000000000000000000000000100>;
P_0000019633e031d8 .param/l "seq_in_width" 0 5 1, +C4<00000000000000000000000000001000>;
P_0000019633e03210 .param/l "seq_num_regs" 0 5 4, +C4<00000000000000000000000000000100>;
P_0000019633e03248 .param/l "seq_op_add" 0 5 8, C4<01>;
P_0000019633e03280 .param/l "seq_op_mult" 0 5 9, C4<10>;
P_0000019633e032b8 .param/l "seq_op_push" 0 5 7, C4<00>;
P_0000019633e032f0 .param/l "seq_op_send" 0 5 10, C4<11>;
P_0000019633e03328 .param/l "seq_op_width" 0 5 2, +C4<00000000000000000000000000000010>;
P_0000019633e03360 .param/l "seq_rf_width" 0 5 13, +C4<00000000000000000000000000010000>;
P_0000019633e03398 .param/l "seq_rn_width" 0 5 3, +C4<00000000000000000000000000000010>;
P_0000019633e033d0 .param/l "uart_num_nib" 0 5 15, +C4<00000000000000000000000000000100>;
v0000019633efc880_0 .net "add_data", 15 0, L_0000019633f74290;  1 drivers
v0000019633efd320_0 .net "add_valid", 0 0, L_0000019633e8c8d0;  1 drivers
v0000019633efc560_0 .net "clk", 0 0, v0000019633f15c00_0;  alias, 1 drivers
v0000019633efcba0_0 .net "i_const", 3 0, L_0000019633f16920;  alias, 1 drivers
v0000019633efd3c0_0 .net "i_data_a", 15 0, L_0000019633e8c240;  alias, 1 drivers
v0000019633efd5a0_0 .net "i_data_b", 15 0, L_0000019633e8c2b0;  alias, 1 drivers
v0000019633efc600_0 .net "i_op", 1 0, L_0000019633f16b00;  alias, 1 drivers
v0000019633efcec0_0 .net "i_valid", 0 0, L_0000019633e8c320;  alias, 1 drivers
v0000019633efc920_0 .net "mult_data", 15 0, L_0000019633f73890;  1 drivers
v0000019633efd640_0 .net "mult_valid", 0 0, L_0000019633e8c940;  1 drivers
v0000019633efc060_0 .var "o_data", 15 0;
v0000019633efde60_0 .var "o_valid", 0 0;
v0000019633efc420_0 .net "rst", 0 0, L_0000019633f15980;  alias, 1 drivers
E_0000019633e8f690 .event anyedge, v0000019633efc600_0, v0000019633e84a70_0, v0000019633e84cf0_0, v0000019633efd140_0;
E_0000019633e8fb10/0 .event anyedge, v0000019633efc600_0, v0000019633e849d0_0, v0000019633efcba0_0, v0000019633e84bb0_0;
E_0000019633e8fb10/1 .event anyedge, v0000019633efcce0_0;
E_0000019633e8fb10 .event/or E_0000019633e8fb10/0, E_0000019633e8fb10/1;
S_0000019633dffef0 .scope module, "add_" "seq_add" 7 46, 8 1 0, S_0000019633e02fa0;
 .timescale 0 0;
    .port_info 0 /OUTPUT 16 "o_data";
    .port_info 1 /OUTPUT 1 "o_valid";
    .port_info 2 /INPUT 16 "i_data_a";
    .port_info 3 /INPUT 16 "i_data_b";
    .port_info 4 /INPUT 1 "i_valid";
    .port_info 5 /INPUT 1 "clk";
    .port_info 6 /INPUT 1 "rst";
P_0000019633e00080 .param/l "alu_width" 0 5 14, +C4<00000000000000000000000000010000>;
P_0000019633e000b8 .param/l "seq_dp_width" 0 5 12, +C4<00000000000000000000000000010000>;
P_0000019633e000f0 .param/l "seq_im_width" 0 5 5, +C4<00000000000000000000000000000100>;
P_0000019633e00128 .param/l "seq_in_width" 0 5 1, +C4<00000000000000000000000000001000>;
P_0000019633e00160 .param/l "seq_num_regs" 0 5 4, +C4<00000000000000000000000000000100>;
P_0000019633e00198 .param/l "seq_op_add" 0 5 8, C4<01>;
P_0000019633e001d0 .param/l "seq_op_mult" 0 5 9, C4<10>;
P_0000019633e00208 .param/l "seq_op_push" 0 5 7, C4<00>;
P_0000019633e00240 .param/l "seq_op_send" 0 5 10, C4<11>;
P_0000019633e00278 .param/l "seq_op_width" 0 5 2, +C4<00000000000000000000000000000010>;
P_0000019633e002b0 .param/l "seq_rf_width" 0 5 13, +C4<00000000000000000000000000010000>;
P_0000019633e002e8 .param/l "seq_rn_width" 0 5 3, +C4<00000000000000000000000000000010>;
P_0000019633e00320 .param/l "uart_num_nib" 0 5 15, +C4<00000000000000000000000000000100>;
L_0000019633e8c8d0 .functor BUFZ 1, L_0000019633e8c320, C4<0>, C4<0>, C4<0>;
v0000019633e83f30_0 .net "clk", 0 0, v0000019633f15c00_0;  alias, 1 drivers
v0000019633e849d0_0 .net "i_data_a", 15 0, L_0000019633e8c240;  alias, 1 drivers
v0000019633e83fd0_0 .net "i_data_b", 15 0, L_0000019633e8c2b0;  alias, 1 drivers
v0000019633e84a70_0 .net "i_valid", 0 0, L_0000019633e8c320;  alias, 1 drivers
v0000019633e84bb0_0 .net "o_data", 15 0, L_0000019633f74290;  alias, 1 drivers
v0000019633e84cf0_0 .net "o_valid", 0 0, L_0000019633e8c8d0;  alias, 1 drivers
v0000019633efd500_0 .net "rst", 0 0, L_0000019633f15980;  alias, 1 drivers
L_0000019633f74290 .arith/sum 16, L_0000019633e8c240, L_0000019633e8c2b0;
S_0000019633df1690 .scope module, "mult_" "seq_mult" 7 57, 9 1 0, S_0000019633e02fa0;
 .timescale 0 0;
    .port_info 0 /OUTPUT 16 "o_data";
    .port_info 1 /OUTPUT 1 "o_valid";
    .port_info 2 /INPUT 16 "i_data_a";
    .port_info 3 /INPUT 16 "i_data_b";
    .port_info 4 /INPUT 1 "i_valid";
    .port_info 5 /INPUT 1 "clk";
    .port_info 6 /INPUT 1 "rst";
P_0000019633df1820 .param/l "alu_width" 0 5 14, +C4<00000000000000000000000000010000>;
P_0000019633df1858 .param/l "seq_dp_width" 0 5 12, +C4<00000000000000000000000000010000>;
P_0000019633df1890 .param/l "seq_im_width" 0 5 5, +C4<00000000000000000000000000000100>;
P_0000019633df18c8 .param/l "seq_in_width" 0 5 1, +C4<00000000000000000000000000001000>;
P_0000019633df1900 .param/l "seq_num_regs" 0 5 4, +C4<00000000000000000000000000000100>;
P_0000019633df1938 .param/l "seq_op_add" 0 5 8, C4<01>;
P_0000019633df1970 .param/l "seq_op_mult" 0 5 9, C4<10>;
P_0000019633df19a8 .param/l "seq_op_push" 0 5 7, C4<00>;
P_0000019633df19e0 .param/l "seq_op_send" 0 5 10, C4<11>;
P_0000019633df1a18 .param/l "seq_op_width" 0 5 2, +C4<00000000000000000000000000000010>;
P_0000019633df1a50 .param/l "seq_rf_width" 0 5 13, +C4<00000000000000000000000000010000>;
P_0000019633df1a88 .param/l "seq_rn_width" 0 5 3, +C4<00000000000000000000000000000010>;
P_0000019633df1ac0 .param/l "uart_num_nib" 0 5 15, +C4<00000000000000000000000000000100>;
L_0000019633e8c940 .functor BUFZ 1, L_0000019633e8c320, C4<0>, C4<0>, C4<0>;
v0000019633efd460_0 .net "clk", 0 0, v0000019633f15c00_0;  alias, 1 drivers
v0000019633efc7e0_0 .net "i_data_a", 15 0, L_0000019633e8c240;  alias, 1 drivers
v0000019633efc100_0 .net "i_data_b", 15 0, L_0000019633e8c2b0;  alias, 1 drivers
v0000019633efc4c0_0 .net "i_valid", 0 0, L_0000019633e8c320;  alias, 1 drivers
v0000019633efcce0_0 .net "o_data", 15 0, L_0000019633f73890;  alias, 1 drivers
v0000019633efd140_0 .net "o_valid", 0 0, L_0000019633e8c940;  alias, 1 drivers
v0000019633efd780_0 .net "rst", 0 0, L_0000019633f15980;  alias, 1 drivers
L_0000019633f73890 .arith/mult 16, L_0000019633e8c240, L_0000019633e8c2b0;
S_0000019633e430a0 .scope module, "rf_" "seq_rf" 6 68, 10 1 0, S_0000019633e08890;
 .timescale 0 0;
    .port_info 0 /OUTPUT 16 "o_data_a";
    .port_info 1 /OUTPUT 16 "o_data_b";
    .port_info 2 /INPUT 2 "i_sel_a";
    .port_info 3 /INPUT 2 "i_sel_b";
    .port_info 4 /INPUT 1 "i_wstb";
    .port_info 5 /INPUT 16 "i_wdata";
    .port_info 6 /INPUT 2 "i_wsel";
    .port_info 7 /INPUT 1 "clk";
    .port_info 8 /INPUT 1 "rst";
P_0000019633e43230 .param/l "alu_width" 0 5 14, +C4<00000000000000000000000000010000>;
P_0000019633e43268 .param/l "seq_dp_width" 0 5 12, +C4<00000000000000000000000000010000>;
P_0000019633e432a0 .param/l "seq_im_width" 0 5 5, +C4<00000000000000000000000000000100>;
P_0000019633e432d8 .param/l "seq_in_width" 0 5 1, +C4<00000000000000000000000000001000>;
P_0000019633e43310 .param/l "seq_num_regs" 0 5 4, +C4<00000000000000000000000000000100>;
P_0000019633e43348 .param/l "seq_op_add" 0 5 8, C4<01>;
P_0000019633e43380 .param/l "seq_op_mult" 0 5 9, C4<10>;
P_0000019633e433b8 .param/l "seq_op_push" 0 5 7, C4<00>;
P_0000019633e433f0 .param/l "seq_op_send" 0 5 10, C4<11>;
P_0000019633e43428 .param/l "seq_op_width" 0 5 2, +C4<00000000000000000000000000000010>;
P_0000019633e43460 .param/l "seq_rf_width" 0 5 13, +C4<00000000000000000000000000010000>;
P_0000019633e43498 .param/l "seq_rn_width" 0 5 3, +C4<00000000000000000000000000000010>;
P_0000019633e434d0 .param/l "uart_num_nib" 0 5 15, +C4<00000000000000000000000000000100>;
L_0000019633e8c240 .functor BUFZ 16, L_0000019633f73cf0, C4<0000000000000000>, C4<0000000000000000>, C4<0000000000000000>;
L_0000019633e8c2b0 .functor BUFZ 16, L_0000019633f736b0, C4<0000000000000000>, C4<0000000000000000>, C4<0000000000000000>;
v0000019633efd960_0 .net *"_ivl_0", 15 0, L_0000019633f73cf0;  1 drivers
v0000019633efc1a0_0 .net *"_ivl_10", 3 0, L_0000019633f74f10;  1 drivers
L_0000019633f19290 .functor BUFT 1, C4<00>, C4<0>, C4<0>, C4<0>;
v0000019633efc6a0_0 .net *"_ivl_13", 1 0, L_0000019633f19290;  1 drivers
v0000019633efc9c0_0 .net *"_ivl_2", 3 0, L_0000019633f73e30;  1 drivers
L_0000019633f19248 .functor BUFT 1, C4<00>, C4<0>, C4<0>, C4<0>;
v0000019633efcf60_0 .net *"_ivl_5", 1 0, L_0000019633f19248;  1 drivers
v0000019633efc240_0 .net *"_ivl_8", 15 0, L_0000019633f736b0;  1 drivers
v0000019633efcb00_0 .net "clk", 0 0, v0000019633f15c00_0;  alias, 1 drivers
v0000019633efdb40_0 .var/i "i", 31 0;
v0000019633efdbe0_0 .net "i_sel_a", 1 0, L_0000019633f16c40;  alias, 1 drivers
v0000019633efd280_0 .net "i_sel_b", 1 0, L_0000019633f16ba0;  alias, 1 drivers
v0000019633efd6e0_0 .net "i_wdata", 15 0, v0000019633efc060_0;  alias, 1 drivers
v0000019633efd820_0 .net "i_wsel", 1 0, L_0000019633f732f0;  alias, 1 drivers
v0000019633efc740_0 .net "i_wstb", 0 0, L_0000019633e8ca20;  alias, 1 drivers
v0000019633efd8c0_0 .net "o_data_a", 15 0, L_0000019633e8c240;  alias, 1 drivers
v0000019633efddc0_0 .net "o_data_b", 15 0, L_0000019633e8c2b0;  alias, 1 drivers
v0000019633efcd80 .array "rf", 3 0, 15 0;
v0000019633efda00_0 .net "rst", 0 0, L_0000019633f15980;  alias, 1 drivers
E_0000019633e8fb50 .event posedge, v0000019633e83f30_0;
L_0000019633f73cf0 .array/port v0000019633efcd80, L_0000019633f73e30;
L_0000019633f73e30 .concat [ 2 2 0 0], L_0000019633f16c40, L_0000019633f19248;
L_0000019633f736b0 .array/port v0000019633efcd80, L_0000019633f74f10;
L_0000019633f74f10 .concat [ 2 2 0 0], L_0000019633f16ba0, L_0000019633f19290;
S_0000019633db2af0 .scope module, "uart_top_" "uart_top" 4 130, 11 1 0, S_0000019633e0e950;
 .timescale -9 -12;
    .port_info 0 /OUTPUT 1 "o_tx";
    .port_info 1 /OUTPUT 1 "o_tx_busy";
    .port_info 2 /OUTPUT 8 "o_rx_data";
    .port_info 3 /OUTPUT 1 "o_rx_valid";
    .port_info 4 /INPUT 1 "i_rx";
    .port_info 5 /INPUT 16 "i_tx_data";
    .port_info 6 /INPUT 1 "i_tx_stb";
    .port_info 7 /INPUT 1 "clk";
    .port_info 8 /INPUT 1 "rst";
P_0000019633e9e1c0 .param/l "alu_width" 0 5 14, +C4<00000000000000000000000000010000>;
P_0000019633e9e1f8 .param/l "seq_dp_width" 0 5 12, +C4<00000000000000000000000000010000>;
P_0000019633e9e230 .param/l "seq_im_width" 0 5 5, +C4<00000000000000000000000000000100>;
P_0000019633e9e268 .param/l "seq_in_width" 0 5 1, +C4<00000000000000000000000000001000>;
P_0000019633e9e2a0 .param/l "seq_num_regs" 0 5 4, +C4<00000000000000000000000000000100>;
P_0000019633e9e2d8 .param/l "seq_op_add" 0 5 8, C4<01>;
P_0000019633e9e310 .param/l "seq_op_mult" 0 5 9, C4<10>;
P_0000019633e9e348 .param/l "seq_op_push" 0 5 7, C4<00>;
P_0000019633e9e380 .param/l "seq_op_send" 0 5 10, C4<11>;
P_0000019633e9e3b8 .param/l "seq_op_width" 0 5 2, +C4<00000000000000000000000000000010>;
P_0000019633e9e3f0 .param/l "seq_rf_width" 0 5 13, +C4<00000000000000000000000000010000>;
P_0000019633e9e428 .param/l "seq_rn_width" 0 5 3, +C4<00000000000000000000000000000010>;
P_0000019633e9e460 .param/l "stCR" 0 11 26, +C4<000000000000000000000000000000110>;
P_0000019633e9e498 .param/l "stIdle" 0 11 23, +C4<00000000000000000000000000000000>;
P_0000019633e9e4d0 .param/l "stNL" 0 11 25, +C4<000000000000000000000000000000101>;
P_0000019633e9e508 .param/l "stNib1" 0 11 24, +C4<00000000000000000000000000000001>;
P_0000019633e9e540 .param/l "uart_num_nib" 0 5 15, +C4<00000000000000000000000000000100>;
L_0000019633e8cc50 .functor NOT 1, v0000019633eff470_0, C4<0>, C4<0>, C4<0>;
L_0000019633e8ce80 .functor NOT 1, L_0000019633f73930, C4<0>, C4<0>, C4<0>;
L_0000019633e8c780 .functor AND 1, L_0000019633e8cc50, L_0000019633e8ce80, C4<1>, C4<1>;
L_0000019633e8cef0 .functor NOT 1, v0000019633f15160_0, C4<0>, C4<0>, C4<0>;
L_0000019633e8cf60 .functor AND 1, L_0000019633e8c780, L_0000019633e8cef0, C4<1>, C4<1>;
L_0000019633e8c080 .functor NOT 1, v0000019633efee30_0, C4<0>, C4<0>, C4<0>;
L_0000019633e8c5c0 .functor AND 1, L_0000019633e8c080, L_0000019633f74a10, C4<1>, C4<1>;
v0000019633f13f10_0 .net *"_ivl_0", 31 0, L_0000019633f73ed0;  1 drivers
v0000019633f13510_0 .net *"_ivl_10", 0 0, L_0000019633e8ce80;  1 drivers
v0000019633f13fb0_0 .net *"_ivl_12", 0 0, L_0000019633e8c780;  1 drivers
v0000019633f14a50_0 .net *"_ivl_14", 0 0, L_0000019633e8cef0;  1 drivers
v0000019633f14050_0 .net *"_ivl_18", 0 0, L_0000019633e8c080;  1 drivers
v0000019633f140f0_0 .net *"_ivl_20", 31 0, L_0000019633f737f0;  1 drivers
L_0000019633f19368 .functor BUFT 1, C4<00000000000000000000000000000>, C4<0>, C4<0>, C4<0>;
v0000019633f14190_0 .net *"_ivl_23", 28 0, L_0000019633f19368;  1 drivers
L_0000019633f193b0 .functor BUFT 1, C4<00000000000000000000000000000000>, C4<0>, C4<0>, C4<0>;
v0000019633f13790_0 .net/2u *"_ivl_24", 31 0, L_0000019633f193b0;  1 drivers
v0000019633f13b50_0 .net *"_ivl_26", 0 0, L_0000019633f74a10;  1 drivers
L_0000019633f192d8 .functor BUFT 1, C4<00000000000000000000000000000>, C4<0>, C4<0>, C4<0>;
v0000019633f14eb0_0 .net *"_ivl_3", 28 0, L_0000019633f192d8;  1 drivers
L_0000019633f19320 .functor BUFT 1, C4<00000000000000000000000000000000>, C4<0>, C4<0>, C4<0>;
v0000019633f13830_0 .net/2u *"_ivl_4", 31 0, L_0000019633f19320;  1 drivers
v0000019633f14f50_0 .net *"_ivl_8", 0 0, L_0000019633e8cc50;  1 drivers
v0000019633f13650_0 .net "clk", 0 0, v0000019633f15c00_0;  alias, 1 drivers
v0000019633f138d0_0 .net "i_rx", 0 0, v0000019633e83ad0_0;  alias, 1 drivers
v0000019633f14690_0 .net "i_tx_data", 15 0, L_0000019633e8ce10;  alias, 1 drivers
v0000019633f13970_0 .net "i_tx_stb", 0 0, L_0000019633e8c710;  alias, 1 drivers
v0000019633f14410_0 .net "o_rx_data", 7 0, L_0000019633e8c7f0;  alias, 1 drivers
v0000019633f144b0_0 .net "o_rx_valid", 0 0, L_0000019633f74e70;  alias, 1 drivers
v0000019633f13a10_0 .net "o_tx", 0 0, L_0000019633e8c860;  alias, 1 drivers
v0000019633f130b0_0 .net "o_tx_busy", 0 0, L_0000019633f74650;  alias, 1 drivers
v0000019633f13ab0_0 .net "rst", 0 0, L_0000019633f15980;  alias, 1 drivers
v0000019633f13bf0_0 .var "state", 2 0;
v0000019633f13150_0 .net "tfifo_empty", 0 0, v0000019633eff470_0;  1 drivers
v0000019633f13c90_0 .net "tfifo_full", 0 0, v0000019633efee30_0;  1 drivers
v0000019633f14730_0 .var "tfifo_in", 7 0;
v0000019633f14870_0 .net "tfifo_out", 7 0, v0000019633efeed0_0;  1 drivers
v0000019633f16100_0 .net "tfifo_rd", 0 0, L_0000019633e8cf60;  1 drivers
v0000019633f15160_0 .var "tfifo_rd_z", 0 0;
v0000019633f155c0_0 .net "tfifo_wr", 0 0, L_0000019633e8c5c0;  1 drivers
v0000019633f157a0_0 .net "tx_active", 0 0, L_0000019633f73930;  1 drivers
v0000019633f15480_0 .var "tx_data", 15 0;
E_0000019633e8f250 .event anyedge, v0000019633f13bf0_0, v0000019633f15480_0;
L_0000019633f73ed0 .concat [ 3 29 0 0], v0000019633f13bf0_0, L_0000019633f192d8;
L_0000019633f74650 .cmp/ne 32, L_0000019633f73ed0, L_0000019633f19320;
L_0000019633f737f0 .concat [ 3 29 0 0], v0000019633f13bf0_0, L_0000019633f19368;
L_0000019633f74a10 .cmp/ne 32, L_0000019633f737f0, L_0000019633f193b0;
S_0000019633f00530 .scope function.vec4.s8, "fnNib2ASCII" "fnNib2ASCII" 11 65, 11 65 0, S_0000019633db2af0;
 .timescale -9 -12;
v0000019633efec50_0 .var "din", 3 0;
; Variable fnNib2ASCII is vec4 return value of scope S_0000019633f00530
TD_tb.uut_.uart_top_.fnNib2ASCII ;
    %load/vec4 v0000019633efec50_0;
    %dup/vec4;
    %pushi/vec4 0, 0, 4;
    %cmp/u;
    %jmp/1 T_7.2, 6;
    %dup/vec4;
    %pushi/vec4 1, 0, 4;
    %cmp/u;
    %jmp/1 T_7.3, 6;
    %dup/vec4;
    %pushi/vec4 2, 0, 4;
    %cmp/u;
    %jmp/1 T_7.4, 6;
    %dup/vec4;
    %pushi/vec4 3, 0, 4;
    %cmp/u;
    %jmp/1 T_7.5, 6;
    %dup/vec4;
    %pushi/vec4 4, 0, 4;
    %cmp/u;
    %jmp/1 T_7.6, 6;
    %dup/vec4;
    %pushi/vec4 5, 0, 4;
    %cmp/u;
    %jmp/1 T_7.7, 6;
    %dup/vec4;
    %pushi/vec4 6, 0, 4;
    %cmp/u;
    %jmp/1 T_7.8, 6;
    %dup/vec4;
    %pushi/vec4 7, 0, 4;
    %cmp/u;
    %jmp/1 T_7.9, 6;
    %dup/vec4;
    %pushi/vec4 8, 0, 4;
    %cmp/u;
    %jmp/1 T_7.10, 6;
    %dup/vec4;
    %pushi/vec4 9, 0, 4;
    %cmp/u;
    %jmp/1 T_7.11, 6;
    %dup/vec4;
    %pushi/vec4 10, 0, 4;
    %cmp/u;
    %jmp/1 T_7.12, 6;
    %dup/vec4;
    %pushi/vec4 11, 0, 4;
    %cmp/u;
    %jmp/1 T_7.13, 6;
    %dup/vec4;
    %pushi/vec4 12, 0, 4;
    %cmp/u;
    %jmp/1 T_7.14, 6;
    %dup/vec4;
    %pushi/vec4 13, 0, 4;
    %cmp/u;
    %jmp/1 T_7.15, 6;
    %dup/vec4;
    %pushi/vec4 14, 0, 4;
    %cmp/u;
    %jmp/1 T_7.16, 6;
    %dup/vec4;
    %pushi/vec4 15, 0, 4;
    %cmp/u;
    %jmp/1 T_7.17, 6;
    %jmp T_7.18;
T_7.2 ;
    %pushi/vec4 48, 0, 8; draw_string_vec4
    %ret/vec4 0, 0, 8;  Assign to fnNib2ASCII (store_vec4_to_lval)
    %jmp T_7.18;
T_7.3 ;
    %pushi/vec4 49, 0, 8; draw_string_vec4
    %ret/vec4 0, 0, 8;  Assign to fnNib2ASCII (store_vec4_to_lval)
    %jmp T_7.18;
T_7.4 ;
    %pushi/vec4 50, 0, 8; draw_string_vec4
    %ret/vec4 0, 0, 8;  Assign to fnNib2ASCII (store_vec4_to_lval)
    %jmp T_7.18;
T_7.5 ;
    %pushi/vec4 51, 0, 8; draw_string_vec4
    %ret/vec4 0, 0, 8;  Assign to fnNib2ASCII (store_vec4_to_lval)
    %jmp T_7.18;
T_7.6 ;
    %pushi/vec4 52, 0, 8; draw_string_vec4
    %ret/vec4 0, 0, 8;  Assign to fnNib2ASCII (store_vec4_to_lval)
    %jmp T_7.18;
T_7.7 ;
    %pushi/vec4 53, 0, 8; draw_string_vec4
    %ret/vec4 0, 0, 8;  Assign to fnNib2ASCII (store_vec4_to_lval)
    %jmp T_7.18;
T_7.8 ;
    %pushi/vec4 54, 0, 8; draw_string_vec4
    %ret/vec4 0, 0, 8;  Assign to fnNib2ASCII (store_vec4_to_lval)
    %jmp T_7.18;
T_7.9 ;
    %pushi/vec4 55, 0, 8; draw_string_vec4
    %ret/vec4 0, 0, 8;  Assign to fnNib2ASCII (store_vec4_to_lval)
    %jmp T_7.18;
T_7.10 ;
    %pushi/vec4 56, 0, 8; draw_string_vec4
    %ret/vec4 0, 0, 8;  Assign to fnNib2ASCII (store_vec4_to_lval)
    %jmp T_7.18;
T_7.11 ;
    %pushi/vec4 57, 0, 8; draw_string_vec4
    %ret/vec4 0, 0, 8;  Assign to fnNib2ASCII (store_vec4_to_lval)
    %jmp T_7.18;
T_7.12 ;
    %pushi/vec4 65, 0, 8; draw_string_vec4
    %ret/vec4 0, 0, 8;  Assign to fnNib2ASCII (store_vec4_to_lval)
    %jmp T_7.18;
T_7.13 ;
    %pushi/vec4 66, 0, 8; draw_string_vec4
    %ret/vec4 0, 0, 8;  Assign to fnNib2ASCII (store_vec4_to_lval)
    %jmp T_7.18;
T_7.14 ;
    %pushi/vec4 67, 0, 8; draw_string_vec4
    %ret/vec4 0, 0, 8;  Assign to fnNib2ASCII (store_vec4_to_lval)
    %jmp T_7.18;
T_7.15 ;
    %pushi/vec4 68, 0, 8; draw_string_vec4
    %ret/vec4 0, 0, 8;  Assign to fnNib2ASCII (store_vec4_to_lval)
    %jmp T_7.18;
T_7.16 ;
    %pushi/vec4 69, 0, 8; draw_string_vec4
    %ret/vec4 0, 0, 8;  Assign to fnNib2ASCII (store_vec4_to_lval)
    %jmp T_7.18;
T_7.17 ;
    %pushi/vec4 70, 0, 8; draw_string_vec4
    %ret/vec4 0, 0, 8;  Assign to fnNib2ASCII (store_vec4_to_lval)
    %jmp T_7.18;
T_7.18 ;
    %pop/vec4 1;
    %end;
S_0000019633f00850 .scope module, "tfifo_" "uart_fifo" 11 100, 12 1 0, S_0000019633db2af0;
 .timescale -9 -12;
    .port_info 0 /OUTPUT 10 "fifo_cnt";
    .port_info 1 /OUTPUT 8 "fifo_out";
    .port_info 2 /OUTPUT 1 "fifo_full";
    .port_info 3 /OUTPUT 1 "fifo_empty";
    .port_info 4 /INPUT 8 "fifo_in";
    .port_info 5 /INPUT 1 "fifo_rd";
    .port_info 6 /INPUT 1 "fifo_wr";
    .port_info 7 /INPUT 1 "clk";
    .port_info 8 /INPUT 1 "rst";
P_0000019633dd5e30 .param/l "size" 0 12 8, +C4<00000000000000000000010000000000>;
P_0000019633dd5e68 .param/l "sizew" 0 12 9, +C4<00000000000000000000000000001010>;
L_0000019633e8c6a0 .functor NOT 1, v0000019633efee30_0, C4<0>, C4<0>, C4<0>;
L_0000019633e8c0f0 .functor AND 1, L_0000019633e8c5c0, L_0000019633e8c6a0, C4<1>, C4<1>;
L_0000019633e8c470 .functor NOT 1, v0000019633eff470_0, C4<0>, C4<0>, C4<0>;
L_0000019633e8c160 .functor AND 1, L_0000019633e8cf60, L_0000019633e8c470, C4<1>, C4<1>;
v0000019633efe890_0 .net *"_ivl_0", 0 0, L_0000019633e8c6a0;  1 drivers
v0000019633eff3d0_0 .net *"_ivl_4", 0 0, L_0000019633e8c470;  1 drivers
v0000019633effd30_0 .net "clk", 0 0, v0000019633f15c00_0;  alias, 1 drivers
v0000019633efecf0_0 .var "fifo_cnt", 9 0;
v0000019633eff470_0 .var "fifo_empty", 0 0;
v0000019633efee30_0 .var "fifo_full", 0 0;
v0000019633eff510_0 .net "fifo_in", 7 0, v0000019633f14730_0;  1 drivers
v0000019633efeed0_0 .var "fifo_out", 7 0;
v0000019633efe6b0_0 .net "fifo_rd", 0 0, L_0000019633e8cf60;  alias, 1 drivers
v0000019633eff830_0 .net "fifo_wr", 0 0, L_0000019633e8c5c0;  alias, 1 drivers
v0000019633eff650 .array "mem", 1023 0, 7 0;
v0000019633efe250_0 .net "rd", 0 0, L_0000019633e8c160;  1 drivers
v0000019633effbf0_0 .var "rp", 9 0;
v0000019633effc90_0 .net "rst", 0 0, L_0000019633f15980;  alias, 1 drivers
v0000019633efef70_0 .var "wp", 9 0;
v0000019633effe70_0 .net "wr", 0 0, L_0000019633e8c0f0;  1 drivers
S_0000019633f00e90 .scope module, "uart_" "uart" 11 120, 13 24 0, S_0000019633db2af0;
 .timescale -9 -12;
    .port_info 0 /INPUT 1 "clk";
    .port_info 1 /INPUT 1 "rst";
    .port_info 2 /INPUT 1 "rx";
    .port_info 3 /OUTPUT 1 "tx";
    .port_info 4 /INPUT 1 "transmit";
    .port_info 5 /INPUT 8 "tx_byte";
    .port_info 6 /OUTPUT 1 "received";
    .port_info 7 /OUTPUT 8 "rx_byte";
    .port_info 8 /OUTPUT 1 "is_receiving";
    .port_info 9 /OUTPUT 1 "is_transmitting";
    .port_info 10 /OUTPUT 1 "recv_error";
P_0000019633db2c80 .param/l "CLOCK_DIVIDE" 0 13 39, +C4<00000000000000000000000000011001>;
P_0000019633db2cb8 .param/l "RX_CHECK_START" 0 13 44, +C4<00000000000000000000000000000001>;
P_0000019633db2cf0 .param/l "RX_CHECK_STOP" 0 13 46, +C4<00000000000000000000000000000011>;
P_0000019633db2d28 .param/l "RX_DELAY_RESTART" 0 13 47, +C4<00000000000000000000000000000100>;
P_0000019633db2d60 .param/l "RX_ERROR" 0 13 48, +C4<00000000000000000000000000000101>;
P_0000019633db2d98 .param/l "RX_IDLE" 0 13 43, +C4<00000000000000000000000000000000>;
P_0000019633db2dd0 .param/l "RX_READ_BITS" 0 13 45, +C4<00000000000000000000000000000010>;
P_0000019633db2e08 .param/l "RX_RECEIVED" 0 13 49, +C4<00000000000000000000000000000110>;
P_0000019633db2e40 .param/l "TX_DELAY_RESTART" 0 13 55, +C4<00000000000000000000000000000010>;
P_0000019633db2e78 .param/l "TX_IDLE" 0 13 53, +C4<00000000000000000000000000000000>;
P_0000019633db2eb0 .param/l "TX_SENDING" 0 13 54, +C4<00000000000000000000000000000001>;
L_0000019633e8c7f0 .functor BUFZ 8, v0000019633f14cd0_0, C4<00000000>, C4<00000000>, C4<00000000>;
L_0000019633e8c860 .functor BUFZ 1, v0000019633f14370_0, C4<0>, C4<0>, C4<0>;
v0000019633efff10_0 .net *"_ivl_0", 31 0, L_0000019633f74790;  1 drivers
L_0000019633f19488 .functor BUFT 1, C4<00000000000000000000000000000>, C4<0>, C4<0>, C4<0>;
v0000019633efe110_0 .net *"_ivl_11", 28 0, L_0000019633f19488;  1 drivers
L_0000019633f194d0 .functor BUFT 1, C4<00000000000000000000000000000101>, C4<0>, C4<0>, C4<0>;
v0000019633efe1b0_0 .net/2u *"_ivl_12", 31 0, L_0000019633f194d0;  1 drivers
v0000019633efe390_0 .net *"_ivl_16", 31 0, L_0000019633f74150;  1 drivers
L_0000019633f19518 .functor BUFT 1, C4<00000000000000000000000000000>, C4<0>, C4<0>, C4<0>;
v0000019633efe430_0 .net *"_ivl_19", 28 0, L_0000019633f19518;  1 drivers
L_0000019633f19560 .functor BUFT 1, C4<00000000000000000000000000000000>, C4<0>, C4<0>, C4<0>;
v0000019633efe750_0 .net/2u *"_ivl_20", 31 0, L_0000019633f19560;  1 drivers
v0000019633efe7f0_0 .net *"_ivl_28", 31 0, L_0000019633f73b10;  1 drivers
L_0000019633f193f8 .functor BUFT 1, C4<00000000000000000000000000000>, C4<0>, C4<0>, C4<0>;
v0000019633efe9d0_0 .net *"_ivl_3", 28 0, L_0000019633f193f8;  1 drivers
L_0000019633f195a8 .functor BUFT 1, C4<000000000000000000000000000000>, C4<0>, C4<0>, C4<0>;
v0000019633efea70_0 .net *"_ivl_31", 29 0, L_0000019633f195a8;  1 drivers
L_0000019633f195f0 .functor BUFT 1, C4<00000000000000000000000000000000>, C4<0>, C4<0>, C4<0>;
v0000019633efebb0_0 .net/2u *"_ivl_32", 31 0, L_0000019633f195f0;  1 drivers
L_0000019633f19440 .functor BUFT 1, C4<00000000000000000000000000000110>, C4<0>, C4<0>, C4<0>;
v0000019633f142d0_0 .net/2u *"_ivl_4", 31 0, L_0000019633f19440;  1 drivers
v0000019633f14910_0 .net *"_ivl_8", 31 0, L_0000019633f748d0;  1 drivers
v0000019633f14af0_0 .net "clk", 0 0, v0000019633f15c00_0;  alias, 1 drivers
v0000019633f14b90_0 .net "is_receiving", 0 0, L_0000019633f74ab0;  1 drivers
v0000019633f14c30_0 .net "is_transmitting", 0 0, L_0000019633f73930;  alias, 1 drivers
v0000019633f13290_0 .net "received", 0 0, L_0000019633f74e70;  alias, 1 drivers
v0000019633f135b0_0 .net "recv_error", 0 0, L_0000019633f739d0;  1 drivers
v0000019633f14e10_0 .var "recv_state", 2 0;
v0000019633f147d0_0 .net "rst", 0 0, L_0000019633f15980;  alias, 1 drivers
v0000019633f13d30_0 .net "rx", 0 0, v0000019633e83ad0_0;  alias, 1 drivers
v0000019633f149b0_0 .var "rx_bits_remaining", 3 0;
v0000019633f14550_0 .net "rx_byte", 7 0, L_0000019633e8c7f0;  alias, 1 drivers
v0000019633f136f0_0 .var "rx_clk_divider", 10 0;
v0000019633f14230_0 .var "rx_countdown", 5 0;
v0000019633f14cd0_0 .var "rx_data", 7 0;
v0000019633f13330_0 .net "transmit", 0 0, v0000019633f15160_0;  1 drivers
v0000019633f131f0_0 .net "tx", 0 0, L_0000019633e8c860;  alias, 1 drivers
v0000019633f14d70_0 .var "tx_bits_remaining", 3 0;
v0000019633f13470_0 .net "tx_byte", 7 0, v0000019633efeed0_0;  alias, 1 drivers
v0000019633f133d0_0 .var "tx_clk_divider", 10 0;
v0000019633f13dd0_0 .var "tx_countdown", 5 0;
v0000019633f13e70_0 .var "tx_data", 7 0;
v0000019633f14370_0 .var "tx_out", 0 0;
v0000019633f145f0_0 .var "tx_state", 1 0;
L_0000019633f74790 .concat [ 3 29 0 0], v0000019633f14e10_0, L_0000019633f193f8;
L_0000019633f74e70 .cmp/eq 32, L_0000019633f74790, L_0000019633f19440;
L_0000019633f748d0 .concat [ 3 29 0 0], v0000019633f14e10_0, L_0000019633f19488;
L_0000019633f739d0 .cmp/eq 32, L_0000019633f748d0, L_0000019633f194d0;
L_0000019633f74150 .concat [ 3 29 0 0], v0000019633f14e10_0, L_0000019633f19518;
L_0000019633f74ab0 .cmp/ne 32, L_0000019633f74150, L_0000019633f19560;
L_0000019633f73b10 .concat [ 2 30 0 0], v0000019633f145f0_0, L_0000019633f195a8;
L_0000019633f73930 .cmp/ne 32, L_0000019633f73b10, L_0000019633f195f0;
    .scope S_0000019633e9d960;
T_8 ;
    %pushi/vec4 1, 0, 1;
    %store/vec4 v0000019633e83ad0_0, 0, 1;
    %end;
    .thread T_8;
    .scope S_0000019633e9d960;
T_9 ;
    %wait E_0000019633e8f110;
    %pushi/vec4 0, 0, 8;
    %store/vec4 v0000019633e84430_0, 0, 8;
    %delay 500000, 0;
    %pushi/vec4 8, 0, 32;
T_9.0 %dup/vec4;
    %pushi/vec4 0, 0, 32;
    %cmp/s;
    %jmp/1xz T_9.1, 5;
    %jmp/1 T_9.1, 4;
    %pushi/vec4 1, 0, 32;
    %sub;
    %delay 1000000, 0;
    %event E_0000019633e8f790;
    %load/vec4 v0000019633e83170_0;
    %load/vec4 v0000019633e84430_0;
    %parti/s 7, 1, 2;
    %concat/vec4; draw_concat_vec4
    %store/vec4 v0000019633e84430_0, 0, 8;
    %jmp T_9.0;
T_9.1 ;
    %pop/vec4 1;
    %load/vec4 v0000019633e84430_0;
    %pad/u 32;
    %cmpi/e 10, 0, 32;
    %jmp/0xz  T_9.2, 4;
    %vpi_call 3 44 "$display", "%d %s Received byte %02x (%s)", $stime, P_0000019633e6e040, v0000019633e844d0_0, v0000019633e844d0_0 {0 0 0};
T_9.2 ;
    %load/vec4 v0000019633e84430_0;
    %pad/u 32;
    %cmpi/ne 13, 0, 32;
    %jmp/0xz  T_9.4, 4;
    %load/vec4 v0000019633e844d0_0;
    %load/vec4 v0000019633e84430_0;
    %concat/vec4; draw_concat_vec4
    %pad/u 32;
    %store/vec4 v0000019633e844d0_0, 0, 32;
T_9.4 ;
    %jmp T_9;
    .thread T_9;
    .scope S_0000019633e430a0;
T_10 ;
    %wait E_0000019633e8fb50;
    %load/vec4 v0000019633efda00_0;
    %flag_set/vec4 8;
    %jmp/0xz  T_10.0, 8;
    %pushi/vec4 0, 0, 32;
    %store/vec4 v0000019633efdb40_0, 0, 32;
T_10.2 ;
    %load/vec4 v0000019633efdb40_0;
    %cmpi/s 4, 0, 32;
    %jmp/0xz T_10.3, 5;
    %pushi/vec4 0, 0, 16;
    %ix/getv/s 3, v0000019633efdb40_0;
    %ix/load 4, 0, 0; Constant delay
    %assign/vec4/a/d v0000019633efcd80, 0, 4;
    %load/vec4 v0000019633efdb40_0;
    %addi 1, 0, 32;
    %store/vec4 v0000019633efdb40_0, 0, 32;
    %jmp T_10.2;
T_10.3 ;
    %jmp T_10.1;
T_10.0 ;
    %load/vec4 v0000019633efc740_0;
    %flag_set/vec4 8;
    %jmp/0xz  T_10.4, 8;
    %load/vec4 v0000019633efd6e0_0;
    %load/vec4 v0000019633efd820_0;
    %pad/u 4;
    %ix/vec4 3;
    %ix/load 4, 0, 0; Constant delay
    %assign/vec4/a/d v0000019633efcd80, 0, 4;
T_10.4 ;
T_10.1 ;
    %jmp T_10;
    .thread T_10;
    .scope S_0000019633e02fa0;
T_11 ;
    %wait E_0000019633e8fb10;
    %load/vec4 v0000019633efc600_0;
    %dup/vec4;
    %pushi/vec4 0, 0, 2;
    %cmp/u;
    %jmp/1 T_11.0, 6;
    %dup/vec4;
    %pushi/vec4 1, 0, 2;
    %cmp/u;
    %jmp/1 T_11.1, 6;
    %dup/vec4;
    %pushi/vec4 2, 0, 2;
    %cmp/u;
    %jmp/1 T_11.2, 6;
    %load/vec4 v0000019633efd3c0_0;
    %store/vec4 v0000019633efc060_0, 0, 16;
    %jmp T_11.4;
T_11.0 ;
    %load/vec4 v0000019633efd3c0_0;
    %load/vec4 v0000019633efcba0_0;
    %concat/vec4; draw_concat_vec4
    %pad/u 16;
    %store/vec4 v0000019633efc060_0, 0, 16;
    %jmp T_11.4;
T_11.1 ;
    %load/vec4 v0000019633efc880_0;
    %store/vec4 v0000019633efc060_0, 0, 16;
    %jmp T_11.4;
T_11.2 ;
    %load/vec4 v0000019633efc920_0;
    %store/vec4 v0000019633efc060_0, 0, 16;
    %jmp T_11.4;
T_11.4 ;
    %pop/vec4 1;
    %jmp T_11;
    .thread T_11, $push;
    .scope S_0000019633e02fa0;
T_12 ;
    %wait E_0000019633e8f690;
    %load/vec4 v0000019633efc600_0;
    %dup/vec4;
    %pushi/vec4 0, 0, 2;
    %cmp/u;
    %jmp/1 T_12.0, 6;
    %dup/vec4;
    %pushi/vec4 1, 0, 2;
    %cmp/u;
    %jmp/1 T_12.1, 6;
    %dup/vec4;
    %pushi/vec4 2, 0, 2;
    %cmp/u;
    %jmp/1 T_12.2, 6;
    %load/vec4 v0000019633efcec0_0;
    %store/vec4 v0000019633efde60_0, 0, 1;
    %jmp T_12.4;
T_12.0 ;
    %load/vec4 v0000019633efcec0_0;
    %store/vec4 v0000019633efde60_0, 0, 1;
    %jmp T_12.4;
T_12.1 ;
    %load/vec4 v0000019633efd320_0;
    %store/vec4 v0000019633efde60_0, 0, 1;
    %jmp T_12.4;
T_12.2 ;
    %load/vec4 v0000019633efd640_0;
    %store/vec4 v0000019633efde60_0, 0, 1;
    %jmp T_12.4;
T_12.4 ;
    %pop/vec4 1;
    %jmp T_12;
    .thread T_12, $push;
    .scope S_0000019633f00850;
T_13 ;
    %wait E_0000019633e8fb50;
    %load/vec4 v0000019633effc90_0;
    %flag_set/vec4 8;
    %jmp/0xz  T_13.0, 8;
    %pushi/vec4 0, 0, 10;
    %assign/vec4 v0000019633efef70_0, 0;
    %pushi/vec4 0, 0, 10;
    %assign/vec4 v0000019633effbf0_0, 0;
    %pushi/vec4 0, 0, 10;
    %assign/vec4 v0000019633efecf0_0, 0;
    %pushi/vec4 0, 0, 1;
    %assign/vec4 v0000019633efee30_0, 0;
    %pushi/vec4 1, 0, 1;
    %assign/vec4 v0000019633eff470_0, 0;
    %jmp T_13.1;
T_13.0 ;
    %load/vec4 v0000019633efef70_0;
    %load/vec4 v0000019633effe70_0;
    %pad/u 10;
    %add;
    %assign/vec4 v0000019633efef70_0, 0;
    %load/vec4 v0000019633effbf0_0;
    %load/vec4 v0000019633efe250_0;
    %pad/u 10;
    %add;
    %assign/vec4 v0000019633effbf0_0, 0;
    %load/vec4 v0000019633effe70_0;
    %load/vec4 v0000019633efe250_0;
    %concat/vec4; draw_concat_vec4
    %dup/vec4;
    %pushi/vec4 2, 0, 2;
    %cmp/u;
    %jmp/1 T_13.2, 6;
    %dup/vec4;
    %pushi/vec4 1, 0, 2;
    %cmp/u;
    %jmp/1 T_13.3, 6;
    %jmp T_13.4;
T_13.2 ;
    %load/vec4 v0000019633efecf0_0;
    %addi 1, 0, 10;
    %assign/vec4 v0000019633efecf0_0, 0;
    %load/vec4 v0000019633efecf0_0;
    %pad/u 32;
    %pushi/vec4 1022, 0, 32;
    %cmp/e;
    %flag_get/vec4 4;
    %assign/vec4 v0000019633efee30_0, 0;
    %pushi/vec4 0, 0, 1;
    %assign/vec4 v0000019633eff470_0, 0;
    %jmp T_13.4;
T_13.3 ;
    %load/vec4 v0000019633efecf0_0;
    %subi 1, 0, 10;
    %assign/vec4 v0000019633efecf0_0, 0;
    %pushi/vec4 0, 0, 1;
    %assign/vec4 v0000019633efee30_0, 0;
    %load/vec4 v0000019633efecf0_0;
    %pad/u 32;
    %pushi/vec4 1, 0, 32;
    %cmp/e;
    %flag_get/vec4 4;
    %assign/vec4 v0000019633eff470_0, 0;
    %jmp T_13.4;
T_13.4 ;
    %pop/vec4 1;
T_13.1 ;
    %jmp T_13;
    .thread T_13;
    .scope S_0000019633f00850;
T_14 ;
    %wait E_0000019633e8fb50;
    %load/vec4 v0000019633eff830_0;
    %load/vec4 v0000019633efee30_0;
    %inv;
    %and;
    %flag_set/vec4 8;
    %jmp/0xz  T_14.0, 8;
    %load/vec4 v0000019633eff510_0;
    %load/vec4 v0000019633efef70_0;
    %pad/u 12;
    %ix/vec4 3;
    %ix/load 4, 0, 0; Constant delay
    %assign/vec4/a/d v0000019633eff650, 0, 4;
T_14.0 ;
    %jmp T_14;
    .thread T_14;
    .scope S_0000019633f00850;
T_15 ;
    %wait E_0000019633e8fb50;
    %load/vec4 v0000019633effbf0_0;
    %pad/u 12;
    %ix/vec4 4;
    %load/vec4a v0000019633eff650, 4;
    %assign/vec4 v0000019633efeed0_0, 0;
    %jmp T_15;
    .thread T_15;
    .scope S_0000019633f00e90;
T_16 ;
    %pushi/vec4 25, 0, 11;
    %store/vec4 v0000019633f136f0_0, 0, 11;
    %pushi/vec4 25, 0, 11;
    %store/vec4 v0000019633f133d0_0, 0, 11;
    %pushi/vec4 0, 0, 3;
    %store/vec4 v0000019633f14e10_0, 0, 3;
    %pushi/vec4 1, 0, 1;
    %store/vec4 v0000019633f14370_0, 0, 1;
    %pushi/vec4 0, 0, 2;
    %store/vec4 v0000019633f145f0_0, 0, 2;
    %end;
    .thread T_16;
    .scope S_0000019633f00e90;
T_17 ;
    %wait E_0000019633e8fb50;
    %load/vec4 v0000019633f147d0_0;
    %flag_set/vec4 8;
    %jmp/0xz  T_17.0, 8;
    %pushi/vec4 0, 0, 3;
    %store/vec4 v0000019633f14e10_0, 0, 3;
    %pushi/vec4 0, 0, 2;
    %store/vec4 v0000019633f145f0_0, 0, 2;
T_17.0 ;
    %load/vec4 v0000019633f136f0_0;
    %subi 1, 0, 11;
    %store/vec4 v0000019633f136f0_0, 0, 11;
    %load/vec4 v0000019633f136f0_0;
    %nor/r;
    %flag_set/vec4 8;
    %jmp/0xz  T_17.2, 8;
    %pushi/vec4 25, 0, 11;
    %store/vec4 v0000019633f136f0_0, 0, 11;
    %load/vec4 v0000019633f14230_0;
    %subi 1, 0, 6;
    %store/vec4 v0000019633f14230_0, 0, 6;
T_17.2 ;
    %load/vec4 v0000019633f133d0_0;
    %subi 1, 0, 11;
    %store/vec4 v0000019633f133d0_0, 0, 11;
    %load/vec4 v0000019633f133d0_0;
    %nor/r;
    %flag_set/vec4 8;
    %jmp/0xz  T_17.4, 8;
    %pushi/vec4 25, 0, 11;
    %store/vec4 v0000019633f133d0_0, 0, 11;
    %load/vec4 v0000019633f13dd0_0;
    %subi 1, 0, 6;
    %store/vec4 v0000019633f13dd0_0, 0, 6;
T_17.4 ;
    %load/vec4 v0000019633f14e10_0;
    %dup/vec4;
    %pushi/vec4 0, 0, 3;
    %cmp/u;
    %jmp/1 T_17.6, 6;
    %dup/vec4;
    %pushi/vec4 1, 0, 3;
    %cmp/u;
    %jmp/1 T_17.7, 6;
    %dup/vec4;
    %pushi/vec4 2, 0, 3;
    %cmp/u;
    %jmp/1 T_17.8, 6;
    %dup/vec4;
    %pushi/vec4 3, 0, 3;
    %cmp/u;
    %jmp/1 T_17.9, 6;
    %dup/vec4;
    %pushi/vec4 4, 0, 3;
    %cmp/u;
    %jmp/1 T_17.10, 6;
    %dup/vec4;
    %pushi/vec4 5, 0, 3;
    %cmp/u;
    %jmp/1 T_17.11, 6;
    %dup/vec4;
    %pushi/vec4 6, 0, 3;
    %cmp/u;
    %jmp/1 T_17.12, 6;
    %jmp T_17.13;
T_17.6 ;
    %load/vec4 v0000019633f13d30_0;
    %nor/r;
    %flag_set/vec4 8;
    %jmp/0xz  T_17.14, 8;
    %pushi/vec4 25, 0, 11;
    %store/vec4 v0000019633f136f0_0, 0, 11;
    %pushi/vec4 2, 0, 6;
    %store/vec4 v0000019633f14230_0, 0, 6;
    %pushi/vec4 1, 0, 3;
    %store/vec4 v0000019633f14e10_0, 0, 3;
T_17.14 ;
    %jmp T_17.13;
T_17.7 ;
    %load/vec4 v0000019633f14230_0;
    %nor/r;
    %flag_set/vec4 8;
    %jmp/0xz  T_17.16, 8;
    %load/vec4 v0000019633f13d30_0;
    %nor/r;
    %flag_set/vec4 8;
    %jmp/0xz  T_17.18, 8;
    %pushi/vec4 4, 0, 6;
    %store/vec4 v0000019633f14230_0, 0, 6;
    %pushi/vec4 8, 0, 4;
    %store/vec4 v0000019633f149b0_0, 0, 4;
    %pushi/vec4 2, 0, 3;
    %store/vec4 v0000019633f14e10_0, 0, 3;
    %jmp T_17.19;
T_17.18 ;
    %pushi/vec4 5, 0, 3;
    %store/vec4 v0000019633f14e10_0, 0, 3;
T_17.19 ;
T_17.16 ;
    %jmp T_17.13;
T_17.8 ;
    %load/vec4 v0000019633f14230_0;
    %nor/r;
    %flag_set/vec4 8;
    %jmp/0xz  T_17.20, 8;
    %load/vec4 v0000019633f13d30_0;
    %load/vec4 v0000019633f14cd0_0;
    %parti/s 7, 1, 2;
    %concat/vec4; draw_concat_vec4
    %store/vec4 v0000019633f14cd0_0, 0, 8;
    %pushi/vec4 4, 0, 6;
    %store/vec4 v0000019633f14230_0, 0, 6;
    %load/vec4 v0000019633f149b0_0;
    %subi 1, 0, 4;
    %store/vec4 v0000019633f149b0_0, 0, 4;
    %load/vec4 v0000019633f149b0_0;
    %cmpi/ne 0, 0, 4;
    %flag_mov 8, 4;
    %jmp/0 T_17.22, 8;
    %pushi/vec4 2, 0, 32;
    %jmp/1 T_17.23, 8;
T_17.22 ; End of true expr.
    %pushi/vec4 3, 0, 32;
    %jmp/0 T_17.23, 8;
 ; End of false expr.
    %blend;
T_17.23;
    %pad/s 3;
    %store/vec4 v0000019633f14e10_0, 0, 3;
T_17.20 ;
    %jmp T_17.13;
T_17.9 ;
    %load/vec4 v0000019633f14230_0;
    %nor/r;
    %flag_set/vec4 8;
    %jmp/0xz  T_17.24, 8;
    %load/vec4 v0000019633f13d30_0;
    %flag_set/vec4 8;
    %jmp/0 T_17.26, 8;
    %pushi/vec4 6, 0, 32;
    %jmp/1 T_17.27, 8;
T_17.26 ; End of true expr.
    %pushi/vec4 5, 0, 32;
    %jmp/0 T_17.27, 8;
 ; End of false expr.
    %blend;
T_17.27;
    %pad/s 3;
    %store/vec4 v0000019633f14e10_0, 0, 3;
T_17.24 ;
    %jmp T_17.13;
T_17.10 ;
    %load/vec4 v0000019633f14230_0;
    %cmpi/ne 0, 0, 6;
    %flag_mov 8, 4;
    %jmp/0 T_17.28, 8;
    %pushi/vec4 4, 0, 32;
    %jmp/1 T_17.29, 8;
T_17.28 ; End of true expr.
    %pushi/vec4 0, 0, 32;
    %jmp/0 T_17.29, 8;
 ; End of false expr.
    %blend;
T_17.29;
    %pad/s 3;
    %store/vec4 v0000019633f14e10_0, 0, 3;
    %jmp T_17.13;
T_17.11 ;
    %pushi/vec4 8, 0, 6;
    %store/vec4 v0000019633f14230_0, 0, 6;
    %pushi/vec4 4, 0, 3;
    %store/vec4 v0000019633f14e10_0, 0, 3;
    %jmp T_17.13;
T_17.12 ;
    %pushi/vec4 0, 0, 3;
    %store/vec4 v0000019633f14e10_0, 0, 3;
    %jmp T_17.13;
T_17.13 ;
    %pop/vec4 1;
    %load/vec4 v0000019633f145f0_0;
    %dup/vec4;
    %pushi/vec4 0, 0, 2;
    %cmp/u;
    %jmp/1 T_17.30, 6;
    %dup/vec4;
    %pushi/vec4 1, 0, 2;
    %cmp/u;
    %jmp/1 T_17.31, 6;
    %dup/vec4;
    %pushi/vec4 2, 0, 2;
    %cmp/u;
    %jmp/1 T_17.32, 6;
    %jmp T_17.33;
T_17.30 ;
    %load/vec4 v0000019633f13330_0;
    %flag_set/vec4 8;
    %jmp/0xz  T_17.34, 8;
    %load/vec4 v0000019633f13470_0;
    %store/vec4 v0000019633f13e70_0, 0, 8;
    %pushi/vec4 25, 0, 11;
    %store/vec4 v0000019633f133d0_0, 0, 11;
    %pushi/vec4 4, 0, 6;
    %store/vec4 v0000019633f13dd0_0, 0, 6;
    %pushi/vec4 0, 0, 1;
    %store/vec4 v0000019633f14370_0, 0, 1;
    %pushi/vec4 8, 0, 4;
    %store/vec4 v0000019633f14d70_0, 0, 4;
    %pushi/vec4 1, 0, 2;
    %store/vec4 v0000019633f145f0_0, 0, 2;
T_17.34 ;
    %jmp T_17.33;
T_17.31 ;
    %load/vec4 v0000019633f13dd0_0;
    %nor/r;
    %flag_set/vec4 8;
    %jmp/0xz  T_17.36, 8;
    %load/vec4 v0000019633f14d70_0;
    %cmpi/ne 0, 0, 4;
    %jmp/0xz  T_17.38, 4;
    %load/vec4 v0000019633f14d70_0;
    %subi 1, 0, 4;
    %store/vec4 v0000019633f14d70_0, 0, 4;
    %load/vec4 v0000019633f13e70_0;
    %parti/s 1, 0, 2;
    %store/vec4 v0000019633f14370_0, 0, 1;
    %pushi/vec4 0, 0, 1;
    %load/vec4 v0000019633f13e70_0;
    %parti/s 7, 1, 2;
    %concat/vec4; draw_concat_vec4
    %store/vec4 v0000019633f13e70_0, 0, 8;
    %pushi/vec4 4, 0, 6;
    %store/vec4 v0000019633f13dd0_0, 0, 6;
    %pushi/vec4 1, 0, 2;
    %store/vec4 v0000019633f145f0_0, 0, 2;
    %jmp T_17.39;
T_17.38 ;
    %pushi/vec4 1, 0, 1;
    %store/vec4 v0000019633f14370_0, 0, 1;
    %pushi/vec4 8, 0, 6;
    %store/vec4 v0000019633f13dd0_0, 0, 6;
    %pushi/vec4 2, 0, 2;
    %store/vec4 v0000019633f145f0_0, 0, 2;
T_17.39 ;
T_17.36 ;
    %jmp T_17.33;
T_17.32 ;
    %load/vec4 v0000019633f13dd0_0;
    %cmpi/ne 0, 0, 6;
    %flag_mov 8, 4;
    %jmp/0 T_17.40, 8;
    %pushi/vec4 2, 0, 32;
    %jmp/1 T_17.41, 8;
T_17.40 ; End of true expr.
    %pushi/vec4 0, 0, 32;
    %jmp/0 T_17.41, 8;
 ; End of false expr.
    %blend;
T_17.41;
    %pad/s 2;
    %store/vec4 v0000019633f145f0_0, 0, 2;
    %jmp T_17.33;
T_17.33 ;
    %pop/vec4 1;
    %jmp T_17;
    .thread T_17;
    .scope S_0000019633db2af0;
T_18 ;
    %wait E_0000019633e8fb50;
    %load/vec4 v0000019633f13ab0_0;
    %flag_set/vec4 8;
    %jmp/0xz  T_18.0, 8;
    %pushi/vec4 0, 0, 3;
    %assign/vec4 v0000019633f13bf0_0, 0;
    %jmp T_18.1;
T_18.0 ;
    %load/vec4 v0000019633f13bf0_0;
    %dup/vec4;
    %pushi/vec4 0, 0, 3;
    %cmp/u;
    %jmp/1 T_18.2, 6;
    %dup/vec4;
    %pushi/vec4 6, 0, 3;
    %cmp/u;
    %jmp/1 T_18.3, 6;
    %load/vec4 v0000019633f13c90_0;
    %inv;
    %flag_set/vec4 8;
    %jmp/0xz  T_18.6, 8;
    %load/vec4 v0000019633f13bf0_0;
    %addi 1, 0, 3;
    %assign/vec4 v0000019633f13bf0_0, 0;
    %load/vec4 v0000019633f15480_0;
    %concati/vec4 0, 0, 4;
    %pad/u 16;
    %assign/vec4 v0000019633f15480_0, 0;
T_18.6 ;
    %jmp T_18.5;
T_18.2 ;
    %load/vec4 v0000019633f13970_0;
    %flag_set/vec4 8;
    %jmp/0xz  T_18.8, 8;
    %pushi/vec4 1, 0, 3;
    %assign/vec4 v0000019633f13bf0_0, 0;
    %load/vec4 v0000019633f14690_0;
    %assign/vec4 v0000019633f15480_0, 0;
T_18.8 ;
    %jmp T_18.5;
T_18.3 ;
    %load/vec4 v0000019633f13c90_0;
    %inv;
    %flag_set/vec4 8;
    %jmp/0xz  T_18.10, 8;
    %pushi/vec4 0, 0, 3;
    %assign/vec4 v0000019633f13bf0_0, 0;
T_18.10 ;
    %jmp T_18.5;
T_18.5 ;
    %pop/vec4 1;
T_18.1 ;
    %jmp T_18;
    .thread T_18;
    .scope S_0000019633db2af0;
T_19 ;
    %wait E_0000019633e8f250;
    %load/vec4 v0000019633f13bf0_0;
    %dup/vec4;
    %pushi/vec4 5, 0, 3;
    %cmp/u;
    %jmp/1 T_19.0, 6;
    %dup/vec4;
    %pushi/vec4 6, 0, 3;
    %cmp/u;
    %jmp/1 T_19.1, 6;
    %load/vec4 v0000019633f15480_0;
    %parti/s 4, 12, 5;
    %store/vec4 v0000019633efec50_0, 0, 4;
    %callf/vec4 TD_tb.uut_.uart_top_.fnNib2ASCII, S_0000019633f00530;
    %store/vec4 v0000019633f14730_0, 0, 8;
    %jmp T_19.3;
T_19.0 ;
    %pushi/vec4 10, 0, 8; draw_string_vec4
    %store/vec4 v0000019633f14730_0, 0, 8;
    %jmp T_19.3;
T_19.1 ;
    %pushi/vec4 114, 0, 8; draw_string_vec4
    %store/vec4 v0000019633f14730_0, 0, 8;
    %jmp T_19.3;
T_19.3 ;
    %pop/vec4 1;
    %jmp T_19;
    .thread T_19, $push;
    .scope S_0000019633db2af0;
T_20 ;
    %wait E_0000019633e8fb50;
    %load/vec4 v0000019633f13ab0_0;
    %flag_set/vec4 8;
    %jmp/0xz  T_20.0, 8;
    %pushi/vec4 0, 0, 1;
    %assign/vec4 v0000019633f15160_0, 0;
    %jmp T_20.1;
T_20.0 ;
    %load/vec4 v0000019633f16100_0;
    %assign/vec4 v0000019633f15160_0, 0;
T_20.1 ;
    %jmp T_20;
    .thread T_20;
    .scope S_0000019633e0e950;
T_21 ;
    %wait E_0000019633e8f9d0;
    %load/vec4 v0000019633f16560_0;
    %flag_set/vec4 8;
    %jmp/0xz  T_21.0, 8;
    %pushi/vec4 3, 0, 2;
    %assign/vec4 v0000019633f16d80_0, 0;
    %jmp T_21.1;
T_21.0 ;
    %pushi/vec4 0, 0, 1;
    %load/vec4 v0000019633f16d80_0;
    %parti/s 1, 1, 2;
    %concat/vec4; draw_concat_vec4
    %assign/vec4 v0000019633f16d80_0, 0;
T_21.1 ;
    %jmp T_21;
    .thread T_21;
    .scope S_0000019633e0e950;
T_22 ;
    %wait E_0000019633e8fb50;
    %load/vec4 v0000019633f150c0_0;
    %flag_set/vec4 8;
    %jmp/0xz  T_22.0, 8;
    %pushi/vec4 0, 0, 17;
    %assign/vec4 v0000019633f153e0_0, 0;
    %pushi/vec4 0, 0, 1;
    %assign/vec4 v0000019633f16e20_0, 0;
    %pushi/vec4 0, 0, 1;
    %assign/vec4 v0000019633f15520_0, 0;
    %jmp T_22.1;
T_22.0 ;
    %load/vec4 v0000019633f15200_0;
    %parti/s 17, 0, 2;
    %assign/vec4 v0000019633f153e0_0, 0;
    %load/vec4 v0000019633f15200_0;
    %parti/s 1, 17, 6;
    %assign/vec4 v0000019633f16e20_0, 0;
    %load/vec4 v0000019633f16e20_0;
    %assign/vec4 v0000019633f15520_0, 0;
T_22.1 ;
    %jmp T_22;
    .thread T_22;
    .scope S_0000019633e0e950;
T_23 ;
    %wait E_0000019633e8fb50;
    %load/vec4 v0000019633f150c0_0;
    %flag_set/vec4 8;
    %jmp/0xz  T_23.0, 8;
    %pushi/vec4 0, 0, 8;
    %assign/vec4 v0000019633f16ce0_0, 0;
    %pushi/vec4 0, 0, 3;
    %assign/vec4 v0000019633f167e0_0, 0;
    %jmp T_23.1;
T_23.0 ;
    %load/vec4 v0000019633f16e20_0;
    %flag_set/vec4 8;
    %jmp/0xz  T_23.2, 8;
    %load/vec4 v0000019633f152a0_0;
    %assign/vec4 v0000019633f16ce0_0, 0;
    %load/vec4 v0000019633f16740_0;
    %load/vec4 v0000019633f167e0_0;
    %parti/s 2, 1, 2;
    %concat/vec4; draw_concat_vec4
    %assign/vec4 v0000019633f167e0_0, 0;
T_23.2 ;
T_23.1 ;
    %jmp T_23;
    .thread T_23;
    .scope S_0000019633e0e950;
T_24 ;
    %wait E_0000019633e8fb50;
    %load/vec4 v0000019633f150c0_0;
    %flag_set/vec4 8;
    %jmp/0xz  T_24.0, 8;
    %pushi/vec4 0, 0, 1;
    %assign/vec4 v0000019633f16f60_0, 0;
    %jmp T_24.1;
T_24.0 ;
    %load/vec4 v0000019633f167e0_0;
    %parti/s 1, 0, 2;
    %inv;
    %load/vec4 v0000019633f167e0_0;
    %parti/s 1, 1, 2;
    %and;
    %load/vec4 v0000019633f15520_0;
    %and;
    %assign/vec4 v0000019633f16f60_0, 0;
T_24.1 ;
    %jmp T_24;
    .thread T_24;
    .scope S_0000019633e0e950;
T_25 ;
    %wait E_0000019633e8fb50;
    %load/vec4 v0000019633f150c0_0;
    %flag_set/vec4 8;
    %jmp/0xz  T_25.0, 8;
    %pushi/vec4 0, 0, 8;
    %assign/vec4 v0000019633f15840_0, 0;
    %jmp T_25.1;
T_25.0 ;
    %load/vec4 v0000019633f16f60_0;
    %flag_set/vec4 8;
    %jmp/0xz  T_25.2, 8;
    %load/vec4 v0000019633f15840_0;
    %addi 1, 0, 8;
    %assign/vec4 v0000019633f15840_0, 0;
T_25.2 ;
T_25.1 ;
    %jmp T_25;
    .thread T_25;
    .scope S_0000019633e9d140;
T_26 ;
    %vpi_call 2 27 "$dumpfile", "wave.vcd" {0 0 0};
    %vpi_call 2 28 "$dumpvars", 32'sb00000000000000000000000000000000, S_0000019633e9d140 {0 0 0};
    %pushi/vec4 0, 0, 1;
    %store/vec4 v0000019633f15c00_0, 0, 1;
    %pushi/vec4 1, 0, 1;
    %store/vec4 v0000019633f16240_0, 0, 1;
    %pushi/vec4 0, 0, 1;
    %store/vec4 v0000019633f15700_0, 0, 1;
    %delay 1000000, 0;
    %pushi/vec4 0, 0, 1;
    %store/vec4 v0000019633f16240_0, 0, 1;
    %delay 1500000000, 0;
    %vpi_call 2 50 "$readmemb", "seq.code", v0000019633f15fc0 {0 0 0};
    %fork t_1, S_0000019633e9d2d0;
    %jmp t_0;
    .scope S_0000019633e9d2d0;
t_1 ;
    %pushi/vec4 0, 0, 32;
    %store/vec4 v0000019633f162e0_0, 0, 32;
T_26.0 ;
    %load/vec4 v0000019633f162e0_0;
    %cmpi/s 1024, 0, 32;
    %jmp/0xz T_26.1, 5;
    %ix/getv/s 4, v0000019633f162e0_0;
    %load/vec4a v0000019633f15fc0, 4;
    %cmpi/ne 255, 255, 8;
    %jmp/0xz  T_26.2, 6;
    %ix/getv/s 4, v0000019633f162e0_0;
    %load/vec4a v0000019633f15fc0, 4;
    %store/vec4 v0000019633e83a30_0, 0, 8;
    %fork TD_tb.tskRunInst, S_0000019633e13df0;
    %join;
    %jmp T_26.3;
T_26.2 ;
    %disable S_0000019633e9d2d0;
T_26.3 ;
    %load/vec4 v0000019633f162e0_0;
    %addi 1, 0, 32;
    %store/vec4 v0000019633f162e0_0, 0, 32;
    %jmp T_26.0;
T_26.1 ;
    %end;
    .scope S_0000019633e9d140;
t_0 %join;
    %delay 1000000, 0;
    %vpi_call 2 61 "$finish" {0 0 0};
    %end;
    .thread T_26;
    .scope S_0000019633e9d140;
T_27 ;
    %delay 5000, 0;
    %load/vec4 v0000019633f15c00_0;
    %inv;
    %store/vec4 v0000019633f15c00_0, 0, 1;
    %jmp T_27;
    .thread T_27;
    .scope S_0000019633e9d140;
T_28 ;
    %wait E_0000019633e8fb50;
    %load/vec4 v0000019633f16f60_0;
    %flag_set/vec4 8;
    %jmp/0xz  T_28.0, 8;
    %vpi_call 2 140 "$display", "%d ... instruction %08b executed", $stime, v0000019633f16ce0_0 {0 0 0};
T_28.0 ;
    %jmp T_28;
    .thread T_28;
    .scope S_0000019633e9d140;
T_29 ;
    %wait E_0000019633e8f390;
    %vpi_call 2 143 "$display", "%d ... led output changed to %08b", $stime, v0000019633f169c0_0 {0 0 0};
    %jmp T_29;
    .thread T_29, $push;
# The file index is used to find the file name in the following table.
:file_names 14;
    "N/A";
    "<interactive>";
    "tb/tb.v";
    "tb/model_uart.v";
    "rtl/basys3.v";
    "./seq_definitions.v";
    "rtl/seq.v";
    "rtl/seq_alu.v";
    "rtl/seq_add.v";
    "rtl/seq_mult.v";
    "rtl/seq_rf.v";
    "rtl/uart_top.v";
    "rtl/uart_fifo.v";
    "rtl/uart.v";
